<?xml version="1.0" encoding="UTF-8"?>
<coverage generated="1522241333880" clover="3.2.0">
  <project timestamp="1522241333880" name="All files">
    <metrics statements="78" coveredstatements="63" conditionals="58" coveredconditionals="51" methods="42" coveredmethods="28" elements="178" coveredelements="142" complexity="0" loc="78" ncloc="78" packages="6" files="14" classes="14">
      <package name="actions">
        <metrics statements="9" coveredstatements="9" conditionals="7" coveredconditionals="6" methods="8" coveredmethods="8"/>
        <file name="expenses.js" path="C:\Users\rafae\Desktop\Estudo\expensify\src\actions\expenses.js">
          <metrics statements="4" coveredstatements="4" conditionals="6" coveredconditionals="5" methods="3" coveredmethods="3"/>
          <line num="5" count="1" type="stmt"/>
          <line num="12" count="2" type="stmt"/>
          <line num="25" count="1" type="stmt"/>
          <line num="32" count="1" type="cond" truecount="0" falsecount="1"/>
        </file>
        <file name="filters.js" path="C:\Users\rafae\Desktop\Estudo\expensify\src\actions\filters.js">
          <metrics statements="5" coveredstatements="5" conditionals="1" coveredconditionals="1" methods="5" coveredmethods="5"/>
          <line num="2" count="3" type="cond" truecount="1" falsecount="0"/>
          <line num="12" count="3" type="stmt"/>
          <line num="18" count="3" type="stmt"/>
          <line num="23" count="3" type="stmt"/>
          <line num="29" count="3" type="stmt"/>
        </file>
      </package>
      <package name="components">
        <metrics statements="42" coveredstatements="27" conditionals="24" coveredconditionals="18" methods="27" coveredmethods="13"/>
        <file name="ExpenseDashBoardPage.js" path="C:\Users\rafae\Desktop\Estudo\expensify\src\components\ExpenseDashBoardPage.js">
          <metrics statements="2" coveredstatements="2" conditionals="0" coveredconditionals="0" methods="1" coveredmethods="1"/>
          <line num="4" count="2" type="stmt"/>
          <line num="5" count="1" type="stmt"/>
        </file>
        <file name="ExpenseForm.js" path="C:\Users\rafae\Desktop\Estudo\expensify\src\components\ExpenseForm.js">
          <metrics statements="20" coveredstatements="14" conditionals="20" coveredconditionals="16" methods="12" coveredmethods="7"/>
          <line num="8" count="1" type="stmt"/>
          <line num="16" count="7" type="stmt"/>
          <line num="17" count="7" type="stmt"/>
          <line num="29" count="1" type="stmt"/>
          <line num="31" count="1" type="stmt"/>
          <line num="34" count="1" type="stmt"/>
          <line num="37" count="1" type="stmt"/>
          <line num="40" count="2" type="stmt"/>
          <line num="42" count="2" type="cond" truecount="4" falsecount="0"/>
          <line num="43" count="1" type="stmt"/>
          <line num="49" count="0" type="cond" truecount="0" falsecount="2"/>
          <line num="50" count="0" type="stmt"/>
          <line num="55" count="0" type="stmt"/>
          <line num="59" count="1" type="stmt"/>
          <line num="61" count="1" type="cond" truecount="2" falsecount="2"/>
          <line num="63" count="1" type="stmt"/>
          <line num="67" count="0" type="stmt"/>
          <line num="68" count="0" type="stmt"/>
          <line num="81" count="11" type="stmt"/>
          <line num="103" count="0" type="stmt"/>
        </file>
        <file name="ExpenseList.js" path="C:\Users\rafae\Desktop\Estudo\expensify\src\components\ExpenseList.js">
          <metrics statements="5" coveredstatements="4" conditionals="2" coveredconditionals="2" methods="3" coveredmethods="2"/>
          <line num="7" count="3" type="stmt"/>
          <line num="9" count="2" type="stmt"/>
          <line num="15" count="4" type="stmt"/>
          <line num="24" count="3" type="stmt"/>
          <line num="25" count="0" type="stmt"/>
        </file>
        <file name="ExpenseListFilters.js" path="C:\Users\rafae\Desktop\Estudo\expensify\src\components\ExpenseListFilters.js">
          <metrics statements="9" coveredstatements="1" conditionals="2" coveredconditionals="0" methods="8" coveredmethods="0"/>
          <line num="14" count="0" type="stmt"/>
          <line num="15" count="0" type="stmt"/>
          <line num="19" count="0" type="stmt"/>
          <line num="22" count="0" type="stmt"/>
          <line num="25" count="0" type="stmt"/>
          <line num="29" count="0" type="cond" truecount="0" falsecount="2"/>
          <line num="42" count="0" type="stmt"/>
          <line num="50" count="2" type="stmt"/>
          <line num="51" count="0" type="stmt"/>
        </file>
        <file name="ExpenseListItem.js" path="C:\Users\rafae\Desktop\Estudo\expensify\src\components\ExpenseListItem.js">
          <metrics statements="2" coveredstatements="2" conditionals="0" coveredconditionals="0" methods="1" coveredmethods="1"/>
          <line num="5" count="4" type="stmt"/>
          <line num="6" count="1" type="stmt"/>
        </file>
        <file name="Header.js" path="C:\Users\rafae\Desktop\Estudo\expensify\src\components\Header.js">
          <metrics statements="2" coveredstatements="2" conditionals="0" coveredconditionals="0" methods="1" coveredmethods="1"/>
          <line num="10" count="1" type="stmt"/>
          <line num="11" count="1" type="stmt"/>
        </file>
        <file name="NotFoundPage.js" path="C:\Users\rafae\Desktop\Estudo\expensify\src\components\NotFoundPage.js">
          <metrics statements="2" coveredstatements="2" conditionals="0" coveredconditionals="0" methods="1" coveredmethods="1"/>
          <line num="6" count="1" type="stmt"/>
          <line num="7" count="1" type="stmt"/>
        </file>
      </package>
      <package name="reducers">
        <metrics statements="17" coveredstatements="17" conditionals="14" coveredconditionals="14" methods="4" coveredmethods="4"/>
        <file name="expenses.js" path="C:\Users\rafae\Desktop\Estudo\expensify\src\reducers\expenses.js">
          <metrics statements="9" coveredstatements="9" conditionals="7" coveredconditionals="7" methods="3" coveredmethods="3"/>
          <line num="3" count="1" type="stmt"/>
          <line num="6" count="6" type="cond" truecount="4" falsecount="0"/>
          <line num="8" count="1" type="stmt"/>
          <line num="13" count="8" type="stmt"/>
          <line num="16" count="2" type="stmt"/>
          <line num="17" count="8" type="cond" truecount="2" falsecount="0"/>
          <line num="18" count="1" type="stmt"/>
          <line num="23" count="7" type="stmt"/>
          <line num="27" count="1" type="stmt"/>
        </file>
        <file name="filters.js" path="C:\Users\rafae\Desktop\Estudo\expensify\src\reducers\filters.js">
          <metrics statements="8" coveredstatements="8" conditionals="7" coveredconditionals="7" methods="1" coveredmethods="1"/>
          <line num="3" count="1" type="stmt"/>
          <line num="11" count="6" type="cond" truecount="6" falsecount="0"/>
          <line num="13" count="1" type="stmt"/>
          <line num="20" count="1" type="stmt"/>
          <line num="26" count="1" type="stmt"/>
          <line num="32" count="1" type="stmt"/>
          <line num="38" count="1" type="stmt"/>
          <line num="43" count="1" type="stmt"/>
        </file>
      </package>
      <package name="selectors">
        <metrics statements="9" coveredstatements="9" conditionals="13" coveredconditionals="13" methods="3" coveredmethods="3"/>
        <file name="expenses.js" path="C:\Users\rafae\Desktop\Estudo\expensify\src\selectors\expenses.js">
          <metrics statements="9" coveredstatements="9" conditionals="13" coveredconditionals="13" methods="3" coveredmethods="3"/>
          <line num="6" count="4" type="stmt"/>
          <line num="7" count="16" type="stmt"/>
          <line num="10" count="16" type="cond" truecount="2" falsecount="0"/>
          <line num="11" count="16" type="cond" truecount="2" falsecount="0"/>
          <line num="12" count="16" type="stmt"/>
          <line num="15" count="16" type="cond" truecount="3" falsecount="0"/>
          <line num="17" count="12" type="cond" truecount="2" falsecount="0"/>
          <line num="18" count="8" type="cond" truecount="2" falsecount="0"/>
          <line num="20" count="4" type="cond" truecount="2" falsecount="0"/>
        </file>
      </package>
      <package name="tests">
        <metrics statements="1" coveredstatements="1" conditionals="0" coveredconditionals="0" methods="0" coveredmethods="0"/>
        <file name="setupTests.js" path="C:\Users\rafae\Desktop\Estudo\expensify\src\tests\setupTests.js">
          <metrics statements="1" coveredstatements="1" conditionals="0" coveredconditionals="0" methods="0" coveredmethods="0"/>
          <line num="4" count="11" type="stmt"/>
        </file>
      </package>
      <package name="tests.fixtures">
        <metrics statements="0" coveredstatements="0" conditionals="0" coveredconditionals="0" methods="0" coveredmethods="0"/>
        <file name="expenses.js" path="C:\Users\rafae\Desktop\Estudo\expensify\src\tests\fixtures\expenses.js">
          <metrics statements="0" coveredstatements="0" conditionals="0" coveredconditionals="0" methods="0" coveredmethods="0"/>
        </file>
      </package>
    </metrics>
  </project>
</coverage>
