{"C:\\Users\\rafae\\Desktop\\Estudo\\expensify\\src\\actions\\expenses.js": {"path":"C:\\Users\\rafae\\Desktop\\Estudo\\expensify\\src\\actions\\expenses.js","statementMap":{"0":{"start":{"line":5,"column":26},"end":{"line":21,"column":2}},"1":{"start":{"line":12,"column":6},"end":{"line":21,"column":1}},"2":{"start":{"line":25,"column":27},"end":{"line":29,"column":2}},"3":{"start":{"line":25,"column":45},"end":{"line":29,"column":1}},"4":{"start":{"line":32,"column":29},"end":{"line":35,"column":2}},"5":{"start":{"line":32,"column":47},"end":{"line":35,"column":1}}},"fnMap":{"0":{"name":"(anonymous_0)","decl":{"start":{"line":5,"column":26},"end":{"line":5,"column":27}},"loc":{"start":{"line":12,"column":6},"end":{"line":21,"column":1}},"line":12},"1":{"name":"(anonymous_1)","decl":{"start":{"line":25,"column":27},"end":{"line":25,"column":28}},"loc":{"start":{"line":25,"column":45},"end":{"line":29,"column":1}},"line":25},"2":{"name":"(anonymous_2)","decl":{"start":{"line":32,"column":29},"end":{"line":32,"column":30}},"loc":{"start":{"line":32,"column":47},"end":{"line":35,"column":1}},"line":32}},"branchMap":{"0":{"loc":{"start":{"line":6,"column":4},"end":{"line":11,"column":11}},"type":"default-arg","locations":[{"start":{"line":11,"column":9},"end":{"line":11,"column":11}}],"line":6},"1":{"loc":{"start":{"line":7,"column":8},"end":{"line":7,"column":24}},"type":"default-arg","locations":[{"start":{"line":7,"column":22},"end":{"line":7,"column":24}}],"line":7},"2":{"loc":{"start":{"line":8,"column":8},"end":{"line":8,"column":17}},"type":"default-arg","locations":[{"start":{"line":8,"column":15},"end":{"line":8,"column":17}}],"line":8},"3":{"loc":{"start":{"line":9,"column":8},"end":{"line":9,"column":18}},"type":"default-arg","locations":[{"start":{"line":9,"column":17},"end":{"line":9,"column":18}}],"line":9},"4":{"loc":{"start":{"line":10,"column":8},"end":{"line":10,"column":21}},"type":"default-arg","locations":[{"start":{"line":10,"column":20},"end":{"line":10,"column":21}}],"line":10},"5":{"loc":{"start":{"line":32,"column":30},"end":{"line":32,"column":41}},"type":"default-arg","locations":[{"start":{"line":32,"column":39},"end":{"line":32,"column":41}}],"line":32}},"s":{"0":1,"1":2,"2":1,"3":1,"4":1,"5":1},"f":{"0":2,"1":1,"2":1},"b":{"0":[1],"1":[1],"2":[1],"3":[1],"4":[1],"5":[0]},"_coverageSchema":"332fd63041d2c1bcb487cc26dd0d5f7d97098a6c","hash":"f82d557059f6a8ad59d57d34efff30431ae9d02b"}
,"C:\\Users\\rafae\\Desktop\\Estudo\\expensify\\src\\actions\\filters.js": {"path":"C:\\Users\\rafae\\Desktop\\Estudo\\expensify\\src\\actions\\filters.js","statementMap":{"0":{"start":{"line":2,"column":29},"end":{"line":6,"column":2}},"1":{"start":{"line":2,"column":45},"end":{"line":6,"column":1}},"2":{"start":{"line":12,"column":26},"end":{"line":15,"column":2}},"3":{"start":{"line":12,"column":33},"end":{"line":15,"column":1}},"4":{"start":{"line":18,"column":28},"end":{"line":21,"column":2}},"5":{"start":{"line":18,"column":35},"end":{"line":21,"column":1}},"6":{"start":{"line":23,"column":28},"end":{"line":27,"column":2}},"7":{"start":{"line":23,"column":44},"end":{"line":27,"column":1}},"8":{"start":{"line":29,"column":26},"end":{"line":32,"column":2}},"9":{"start":{"line":29,"column":40},"end":{"line":32,"column":1}}},"fnMap":{"0":{"name":"(anonymous_0)","decl":{"start":{"line":2,"column":29},"end":{"line":2,"column":30}},"loc":{"start":{"line":2,"column":45},"end":{"line":6,"column":1}},"line":2},"1":{"name":"(anonymous_1)","decl":{"start":{"line":12,"column":26},"end":{"line":12,"column":27}},"loc":{"start":{"line":12,"column":33},"end":{"line":15,"column":1}},"line":12},"2":{"name":"(anonymous_2)","decl":{"start":{"line":18,"column":28},"end":{"line":18,"column":29}},"loc":{"start":{"line":18,"column":35},"end":{"line":21,"column":1}},"line":18},"3":{"name":"(anonymous_3)","decl":{"start":{"line":23,"column":28},"end":{"line":23,"column":29}},"loc":{"start":{"line":23,"column":44},"end":{"line":27,"column":1}},"line":23},"4":{"name":"(anonymous_4)","decl":{"start":{"line":29,"column":26},"end":{"line":29,"column":27}},"loc":{"start":{"line":29,"column":40},"end":{"line":32,"column":1}},"line":29}},"branchMap":{"0":{"loc":{"start":{"line":2,"column":30},"end":{"line":2,"column":39}},"type":"default-arg","locations":[{"start":{"line":2,"column":37},"end":{"line":2,"column":39}}],"line":2}},"s":{"0":3,"1":2,"2":3,"3":1,"4":3,"5":1,"6":3,"7":1,"8":3,"9":1},"f":{"0":2,"1":1,"2":1,"3":1,"4":1},"b":{"0":[1]},"_coverageSchema":"332fd63041d2c1bcb487cc26dd0d5f7d97098a6c","hash":"8ae3e91d7039965aba19618c442a50a3f29b3d02"}
,"C:\\Users\\rafae\\Desktop\\Estudo\\expensify\\src\\components\\ExpenseDashBoardPage.js": {"path":"C:\\Users\\rafae\\Desktop\\Estudo\\expensify\\src\\components\\ExpenseDashBoardPage.js","statementMap":{"0":{"start":{"line":4,"column":29},"end":{"line":9,"column":1}},"1":{"start":{"line":5,"column":4},"end":{"line":8,"column":10}}},"fnMap":{"0":{"name":"(anonymous_0)","decl":{"start":{"line":4,"column":29},"end":{"line":4,"column":30}},"loc":{"start":{"line":5,"column":4},"end":{"line":8,"column":10}},"line":5}},"branchMap":{},"s":{"0":2,"1":1},"f":{"0":1},"b":{},"_coverageSchema":"332fd63041d2c1bcb487cc26dd0d5f7d97098a6c","hash":"eb7312129f1f0407bc3c10cd456801f94398cc31"}
,"C:\\Users\\rafae\\Desktop\\Estudo\\expensify\\src\\components\\ExpenseForm.js": {"path":"C:\\Users\\rafae\\Desktop\\Estudo\\expensify\\src\\components\\ExpenseForm.js","statementMap":{"0":{"start":{"line":8,"column":12},"end":{"line":8,"column":20}},"1":{"start":{"line":16,"column":8},"end":{"line":16,"column":21}},"2":{"start":{"line":17,"column":8},"end":{"line":24,"column":10}},"3":{"start":{"line":29,"column":28},"end":{"line":29,"column":42}},"4":{"start":{"line":31,"column":8},"end":{"line":31,"column":47}},"5":{"start":{"line":31,"column":29},"end":{"line":31,"column":44}},"6":{"start":{"line":34,"column":21},"end":{"line":34,"column":35}},"7":{"start":{"line":37,"column":8},"end":{"line":37,"column":32}},"8":{"start":{"line":40,"column":23},"end":{"line":40,"column":37}},"9":{"start":{"line":42,"column":8},"end":{"line":45,"column":9}},"10":{"start":{"line":43,"column":12},"end":{"line":43,"column":38}},"11":{"start":{"line":49,"column":8},"end":{"line":51,"column":9}},"12":{"start":{"line":50,"column":12},"end":{"line":50,"column":49}},"13":{"start":{"line":50,"column":33},"end":{"line":50,"column":46}},"14":{"start":{"line":55,"column":8},"end":{"line":55,"column":60}},"15":{"start":{"line":55,"column":29},"end":{"line":55,"column":57}},"16":{"start":{"line":59,"column":8},"end":{"line":59,"column":27}},"17":{"start":{"line":61,"column":8},"end":{"line":74,"column":9}},"18":{"start":{"line":63,"column":12},"end":{"line":63,"column":75}},"19":{"start":{"line":67,"column":12},"end":{"line":67,"column":38}},"20":{"start":{"line":68,"column":12},"end":{"line":73,"column":15}},"21":{"start":{"line":81,"column":8},"end":{"line":113,"column":10}},"22":{"start":{"line":103,"column":47},"end":{"line":103,"column":52}}},"fnMap":{"0":{"name":"(anonymous_0)","decl":{"start":{"line":15,"column":4},"end":{"line":15,"column":5}},"loc":{"start":{"line":15,"column":22},"end":{"line":25,"column":5}},"line":15},"1":{"name":"(anonymous_1)","decl":{"start":{"line":28,"column":26},"end":{"line":28,"column":27}},"loc":{"start":{"line":28,"column":33},"end":{"line":32,"column":5}},"line":28},"2":{"name":"(anonymous_2)","decl":{"start":{"line":31,"column":22},"end":{"line":31,"column":23}},"loc":{"start":{"line":31,"column":29},"end":{"line":31,"column":44}},"line":31},"3":{"name":"(anonymous_3)","decl":{"start":{"line":33,"column":19},"end":{"line":33,"column":20}},"loc":{"start":{"line":33,"column":26},"end":{"line":38,"column":5}},"line":33},"4":{"name":"(anonymous_4)","decl":{"start":{"line":39,"column":21},"end":{"line":39,"column":22}},"loc":{"start":{"line":39,"column":28},"end":{"line":46,"column":5}},"line":39},"5":{"name":"(anonymous_5)","decl":{"start":{"line":48,"column":19},"end":{"line":48,"column":20}},"loc":{"start":{"line":48,"column":34},"end":{"line":52,"column":5}},"line":48},"6":{"name":"(anonymous_6)","decl":{"start":{"line":50,"column":26},"end":{"line":50,"column":27}},"loc":{"start":{"line":50,"column":33},"end":{"line":50,"column":46}},"line":50},"7":{"name":"(anonymous_7)","decl":{"start":{"line":54,"column":20},"end":{"line":54,"column":21}},"loc":{"start":{"line":54,"column":37},"end":{"line":56,"column":5}},"line":54},"8":{"name":"(anonymous_8)","decl":{"start":{"line":55,"column":22},"end":{"line":55,"column":23}},"loc":{"start":{"line":55,"column":29},"end":{"line":55,"column":57}},"line":55},"9":{"name":"(anonymous_9)","decl":{"start":{"line":58,"column":14},"end":{"line":58,"column":15}},"loc":{"start":{"line":58,"column":19},"end":{"line":75,"column":5}},"line":58},"10":{"name":"(anonymous_10)","decl":{"start":{"line":79,"column":4},"end":{"line":79,"column":5}},"loc":{"start":{"line":79,"column":13},"end":{"line":114,"column":5}},"line":79},"11":{"name":"(anonymous_11)","decl":{"start":{"line":103,"column":40},"end":{"line":103,"column":41}},"loc":{"start":{"line":103,"column":47},"end":{"line":103,"column":52}},"line":103}},"branchMap":{"0":{"loc":{"start":{"line":18,"column":25},"end":{"line":18,"column":67}},"type":"cond-expr","locations":[{"start":{"line":18,"column":39},"end":{"line":18,"column":64}},{"start":{"line":18,"column":65},"end":{"line":18,"column":67}}],"line":18},"1":{"loc":{"start":{"line":19,"column":18},"end":{"line":19,"column":65}},"type":"cond-expr","locations":[{"start":{"line":19,"column":32},"end":{"line":19,"column":62}},{"start":{"line":19,"column":63},"end":{"line":19,"column":65}}],"line":19},"2":{"loc":{"start":{"line":20,"column":20},"end":{"line":20,"column":74}},"type":"cond-expr","locations":[{"start":{"line":20,"column":34},"end":{"line":20,"column":71}},{"start":{"line":20,"column":72},"end":{"line":20,"column":74}}],"line":20},"3":{"loc":{"start":{"line":21,"column":22},"end":{"line":21,"column":77}},"type":"cond-expr","locations":[{"start":{"line":21,"column":36},"end":{"line":21,"column":67}},{"start":{"line":21,"column":69},"end":{"line":21,"column":77}}],"line":21},"4":{"loc":{"start":{"line":42,"column":8},"end":{"line":45,"column":9}},"type":"if","locations":[{"start":{"line":42,"column":8},"end":{"line":45,"column":9}},{"start":{"line":42,"column":8},"end":{"line":45,"column":9}}],"line":42},"5":{"loc":{"start":{"line":42,"column":12},"end":{"line":42,"column":59}},"type":"binary-expr","locations":[{"start":{"line":42,"column":12},"end":{"line":42,"column":19}},{"start":{"line":42,"column":23},"end":{"line":42,"column":59}}],"line":42},"6":{"loc":{"start":{"line":49,"column":8},"end":{"line":51,"column":9}},"type":"if","locations":[{"start":{"line":49,"column":8},"end":{"line":51,"column":9}},{"start":{"line":49,"column":8},"end":{"line":51,"column":9}}],"line":49},"7":{"loc":{"start":{"line":61,"column":8},"end":{"line":74,"column":9}},"type":"if","locations":[{"start":{"line":61,"column":8},"end":{"line":74,"column":9}},{"start":{"line":61,"column":8},"end":{"line":74,"column":9}}],"line":61},"8":{"loc":{"start":{"line":61,"column":11},"end":{"line":61,"column":56}},"type":"binary-expr","locations":[{"start":{"line":61,"column":11},"end":{"line":61,"column":34}},{"start":{"line":61,"column":38},"end":{"line":61,"column":56}}],"line":61},"9":{"loc":{"start":{"line":83,"column":17},"end":{"line":83,"column":86}},"type":"binary-expr","locations":[{"start":{"line":83,"column":17},"end":{"line":83,"column":33}},{"start":{"line":83,"column":37},"end":{"line":83,"column":86}}],"line":83}},"s":{"0":1,"1":7,"2":7,"3":1,"4":1,"5":1,"6":1,"7":1,"8":2,"9":2,"10":1,"11":0,"12":0,"13":0,"14":0,"15":0,"16":1,"17":1,"18":1,"19":0,"20":0,"21":11,"22":0},"f":{"0":7,"1":1,"2":1,"3":1,"4":2,"5":0,"6":0,"7":0,"8":0,"9":1,"10":11,"11":0},"b":{"0":[1,6],"1":[1,6],"2":[1,6],"3":[1,6],"4":[1,1],"5":[2,2],"6":[0,0],"7":[1,0],"8":[1,0],"9":[11,1]},"_coverageSchema":"332fd63041d2c1bcb487cc26dd0d5f7d97098a6c","hash":"d36fc1f5f1dc179dad9ecffa02364e3da0ee4a30"}
,"C:\\Users\\rafae\\Desktop\\Estudo\\expensify\\src\\components\\ExpenseList.js": {"path":"C:\\Users\\rafae\\Desktop\\Estudo\\expensify\\src\\components\\ExpenseList.js","statementMap":{"0":{"start":{"line":7,"column":27},"end":{"line":22,"column":1}},"1":{"start":{"line":9,"column":4},"end":{"line":21,"column":10}},"2":{"start":{"line":15,"column":28},"end":{"line":16,"column":30}},"3":{"start":{"line":24,"column":24},"end":{"line":29,"column":1}},"4":{"start":{"line":25,"column":4},"end":{"line":28,"column":6}}},"fnMap":{"0":{"name":"(anonymous_0)","decl":{"start":{"line":7,"column":27},"end":{"line":7,"column":28}},"loc":{"start":{"line":9,"column":4},"end":{"line":21,"column":10}},"line":9},"1":{"name":"(anonymous_1)","decl":{"start":{"line":14,"column":43},"end":{"line":14,"column":44}},"loc":{"start":{"line":15,"column":28},"end":{"line":16,"column":30}},"line":15},"2":{"name":"(anonymous_2)","decl":{"start":{"line":24,"column":24},"end":{"line":24,"column":25}},"loc":{"start":{"line":24,"column":35},"end":{"line":29,"column":1}},"line":24}},"branchMap":{"0":{"loc":{"start":{"line":11,"column":12},"end":{"line":18,"column":13}},"type":"cond-expr","locations":[{"start":{"line":12,"column":13},"end":{"line":12,"column":32}},{"start":{"line":14,"column":24},"end":{"line":17,"column":26}}],"line":11}},"s":{"0":3,"1":2,"2":4,"3":3,"4":0},"f":{"0":2,"1":4,"2":0},"b":{"0":[1,1]},"_coverageSchema":"332fd63041d2c1bcb487cc26dd0d5f7d97098a6c","hash":"e2f112b59607442b93ea94f2134b828287fbbac0"}
,"C:\\Users\\rafae\\Desktop\\Estudo\\expensify\\src\\components\\ExpenseListFilters.js": {"path":"C:\\Users\\rafae\\Desktop\\Estudo\\expensify\\src\\components\\ExpenseListFilters.js","statementMap":{"0":{"start":{"line":14,"column":8},"end":{"line":14,"column":53}},"1":{"start":{"line":15,"column":8},"end":{"line":15,"column":49}},"2":{"start":{"line":19,"column":8},"end":{"line":19,"column":46}},"3":{"start":{"line":19,"column":27},"end":{"line":19,"column":44}},"4":{"start":{"line":22,"column":8},"end":{"line":46,"column":10}},"5":{"start":{"line":25,"column":20},"end":{"line":25,"column":71}},"6":{"start":{"line":29,"column":20},"end":{"line":29,"column":120}},"7":{"start":{"line":42,"column":40},"end":{"line":42,"column":45}},"8":{"start":{"line":50,"column":24},"end":{"line":54,"column":1}},"9":{"start":{"line":51,"column":4},"end":{"line":53,"column":6}}},"fnMap":{"0":{"name":"(anonymous_0)","decl":{"start":{"line":13,"column":20},"end":{"line":13,"column":21}},"loc":{"start":{"line":13,"column":44},"end":{"line":17,"column":5}},"line":13},"1":{"name":"(anonymous_1)","decl":{"start":{"line":18,"column":20},"end":{"line":18,"column":21}},"loc":{"start":{"line":18,"column":39},"end":{"line":20,"column":5}},"line":18},"2":{"name":"(anonymous_2)","decl":{"start":{"line":19,"column":22},"end":{"line":19,"column":23}},"loc":{"start":{"line":19,"column":27},"end":{"line":19,"column":44}},"line":19},"3":{"name":"(anonymous_3)","decl":{"start":{"line":21,"column":4},"end":{"line":21,"column":5}},"loc":{"start":{"line":21,"column":13},"end":{"line":47,"column":5}},"line":21},"4":{"name":"(anonymous_4)","decl":{"start":{"line":24,"column":77},"end":{"line":24,"column":78}},"loc":{"start":{"line":24,"column":84},"end":{"line":26,"column":17}},"line":24},"5":{"name":"(anonymous_5)","decl":{"start":{"line":28,"column":34},"end":{"line":28,"column":35}},"loc":{"start":{"line":28,"column":41},"end":{"line":30,"column":17}},"line":28},"6":{"name":"(anonymous_6)","decl":{"start":{"line":42,"column":36},"end":{"line":42,"column":37}},"loc":{"start":{"line":42,"column":40},"end":{"line":42,"column":45}},"line":42},"7":{"name":"(anonymous_7)","decl":{"start":{"line":50,"column":24},"end":{"line":50,"column":25}},"loc":{"start":{"line":50,"column":35},"end":{"line":54,"column":1}},"line":50}},"branchMap":{"0":{"loc":{"start":{"line":29,"column":20},"end":{"line":29,"column":119}},"type":"cond-expr","locations":[{"start":{"line":29,"column":48},"end":{"line":29,"column":81}},{"start":{"line":29,"column":84},"end":{"line":29,"column":119}}],"line":29}},"s":{"0":0,"1":0,"2":0,"3":0,"4":0,"5":0,"6":0,"7":0,"8":2,"9":0},"f":{"0":0,"1":0,"2":0,"3":0,"4":0,"5":0,"6":0,"7":0},"b":{"0":[0,0]},"_coverageSchema":"332fd63041d2c1bcb487cc26dd0d5f7d97098a6c","hash":"f7b8e15a31456133a0220233edd3fb15ee2b220e"}
,"C:\\Users\\rafae\\Desktop\\Estudo\\expensify\\src\\components\\ExpenseListItem.js": {"path":"C:\\Users\\rafae\\Desktop\\Estudo\\expensify\\src\\components\\ExpenseListItem.js","statementMap":{"0":{"start":{"line":5,"column":31},"end":{"line":10,"column":1}},"1":{"start":{"line":6,"column":4},"end":{"line":9,"column":10}}},"fnMap":{"0":{"name":"(anonymous_0)","decl":{"start":{"line":5,"column":31},"end":{"line":5,"column":32}},"loc":{"start":{"line":6,"column":4},"end":{"line":9,"column":10}},"line":6}},"branchMap":{},"s":{"0":4,"1":1},"f":{"0":1},"b":{},"_coverageSchema":"332fd63041d2c1bcb487cc26dd0d5f7d97098a6c","hash":"f274ccbee2c6ee22aa0131a77996c8c649cd2a9b"}
,"C:\\Users\\rafae\\Desktop\\Estudo\\expensify\\src\\components\\Header.js": {"path":"C:\\Users\\rafae\\Desktop\\Estudo\\expensify\\src\\components\\Header.js","statementMap":{"0":{"start":{"line":10,"column":15},"end":{"line":17,"column":1}},"1":{"start":{"line":11,"column":4},"end":{"line":16,"column":13}}},"fnMap":{"0":{"name":"(anonymous_0)","decl":{"start":{"line":10,"column":15},"end":{"line":10,"column":16}},"loc":{"start":{"line":11,"column":4},"end":{"line":16,"column":13}},"line":11}},"branchMap":{},"s":{"0":1,"1":1},"f":{"0":1},"b":{},"_coverageSchema":"332fd63041d2c1bcb487cc26dd0d5f7d97098a6c","hash":"5bcd4edfb43352fa42cb5ad578905cad6282b22d"}
,"C:\\Users\\rafae\\Desktop\\Estudo\\expensify\\src\\components\\NotFoundPage.js": {"path":"C:\\Users\\rafae\\Desktop\\Estudo\\expensify\\src\\components\\NotFoundPage.js","statementMap":{"0":{"start":{"line":6,"column":28},"end":{"line":10,"column":1}},"1":{"start":{"line":7,"column":4},"end":{"line":9,"column":10}}},"fnMap":{"0":{"name":"(anonymous_0)","decl":{"start":{"line":6,"column":28},"end":{"line":6,"column":29}},"loc":{"start":{"line":7,"column":4},"end":{"line":9,"column":10}},"line":7}},"branchMap":{},"s":{"0":1,"1":1},"f":{"0":1},"b":{},"_coverageSchema":"332fd63041d2c1bcb487cc26dd0d5f7d97098a6c","hash":"1ab25b4e8ec330715baf5cb0be2de6f76b8f0413"}
,"C:\\Users\\rafae\\Desktop\\Estudo\\expensify\\src\\reducers\\expenses.js": {"path":"C:\\Users\\rafae\\Desktop\\Estudo\\expensify\\src\\reducers\\expenses.js","statementMap":{"0":{"start":{"line":3,"column":36},"end":{"line":3,"column":38}},"1":{"start":{"line":6,"column":4},"end":{"line":28,"column":5}},"2":{"start":{"line":8,"column":12},"end":{"line":11,"column":13}},"3":{"start":{"line":13,"column":12},"end":{"line":13,"column":62}},"4":{"start":{"line":13,"column":45},"end":{"line":13,"column":60}},"5":{"start":{"line":16,"column":12},"end":{"line":25,"column":15}},"6":{"start":{"line":17,"column":16},"end":{"line":24,"column":17}},"7":{"start":{"line":18,"column":20},"end":{"line":21,"column":21}},"8":{"start":{"line":23,"column":20},"end":{"line":23,"column":35}},"9":{"start":{"line":27,"column":12},"end":{"line":27,"column":25}}},"fnMap":{"0":{"name":"(anonymous_0)","decl":{"start":{"line":5,"column":16},"end":{"line":5,"column":17}},"loc":{"start":{"line":5,"column":65},"end":{"line":29,"column":1}},"line":5},"1":{"name":"(anonymous_1)","decl":{"start":{"line":13,"column":32},"end":{"line":13,"column":33}},"loc":{"start":{"line":13,"column":45},"end":{"line":13,"column":60}},"line":13},"2":{"name":"(anonymous_2)","decl":{"start":{"line":16,"column":29},"end":{"line":16,"column":30}},"loc":{"start":{"line":16,"column":42},"end":{"line":25,"column":13}},"line":16}},"branchMap":{"0":{"loc":{"start":{"line":5,"column":17},"end":{"line":5,"column":52}},"type":"default-arg","locations":[{"start":{"line":5,"column":25},"end":{"line":5,"column":52}}],"line":5},"1":{"loc":{"start":{"line":6,"column":4},"end":{"line":28,"column":5}},"type":"switch","locations":[{"start":{"line":7,"column":8},"end":{"line":11,"column":13}},{"start":{"line":12,"column":8},"end":{"line":13,"column":62}},{"start":{"line":15,"column":8},"end":{"line":25,"column":15}},{"start":{"line":26,"column":8},"end":{"line":27,"column":25}}],"line":6},"2":{"loc":{"start":{"line":17,"column":16},"end":{"line":24,"column":17}},"type":"if","locations":[{"start":{"line":17,"column":16},"end":{"line":24,"column":17}},{"start":{"line":17,"column":16},"end":{"line":24,"column":17}}],"line":17}},"s":{"0":1,"1":6,"2":1,"3":2,"4":8,"5":2,"6":8,"7":1,"8":7,"9":1},"f":{"0":6,"1":8,"2":8},"b":{"0":[1],"1":[1,2,2,1],"2":[1,7]},"_coverageSchema":"332fd63041d2c1bcb487cc26dd0d5f7d97098a6c","hash":"162a7a45d0f3245e98740e5fa5ca90931189721c"}
,"C:\\Users\\rafae\\Desktop\\Estudo\\expensify\\src\\reducers\\filters.js": {"path":"C:\\Users\\rafae\\Desktop\\Estudo\\expensify\\src\\reducers\\filters.js","statementMap":{"0":{"start":{"line":3,"column":35},"end":{"line":9,"column":1}},"1":{"start":{"line":11,"column":4},"end":{"line":44,"column":5}},"2":{"start":{"line":13,"column":12},"end":{"line":17,"column":14}},"3":{"start":{"line":20,"column":12},"end":{"line":23,"column":14}},"4":{"start":{"line":26,"column":12},"end":{"line":29,"column":14}},"5":{"start":{"line":32,"column":12},"end":{"line":35,"column":14}},"6":{"start":{"line":38,"column":12},"end":{"line":41,"column":13}},"7":{"start":{"line":43,"column":12},"end":{"line":43,"column":25}}},"fnMap":{"0":{"name":"(anonymous_0)","decl":{"start":{"line":10,"column":15},"end":{"line":10,"column":16}},"loc":{"start":{"line":10,"column":63},"end":{"line":45,"column":1}},"line":10}},"branchMap":{"0":{"loc":{"start":{"line":10,"column":16},"end":{"line":10,"column":50}},"type":"default-arg","locations":[{"start":{"line":10,"column":24},"end":{"line":10,"column":50}}],"line":10},"1":{"loc":{"start":{"line":11,"column":4},"end":{"line":44,"column":5}},"type":"switch","locations":[{"start":{"line":12,"column":8},"end":{"line":17,"column":14}},{"start":{"line":19,"column":8},"end":{"line":23,"column":14}},{"start":{"line":25,"column":8},"end":{"line":29,"column":14}},{"start":{"line":31,"column":8},"end":{"line":35,"column":14}},{"start":{"line":37,"column":8},"end":{"line":41,"column":13}},{"start":{"line":42,"column":8},"end":{"line":43,"column":25}}],"line":11}},"s":{"0":1,"1":6,"2":1,"3":1,"4":1,"5":1,"6":1,"7":1},"f":{"0":6},"b":{"0":[5],"1":[1,1,1,1,1,1]},"_coverageSchema":"332fd63041d2c1bcb487cc26dd0d5f7d97098a6c","hash":"c8d44d5cb78a86a52fac438fc9f430627cadc61b"}
,"C:\\Users\\rafae\\Desktop\\Estudo\\expensify\\src\\selectors\\expenses.js": {"path":"C:\\Users\\rafae\\Desktop\\Estudo\\expensify\\src\\selectors\\expenses.js","statementMap":{"0":{"start":{"line":6,"column":4},"end":{"line":22,"column":7}},"1":{"start":{"line":7,"column":32},"end":{"line":7,"column":57}},"2":{"start":{"line":10,"column":31},"end":{"line":10,"column":95}},"3":{"start":{"line":11,"column":30},"end":{"line":11,"column":89}},"4":{"start":{"line":12,"column":26},"end":{"line":12,"column":88}},"5":{"start":{"line":15,"column":8},"end":{"line":15,"column":59}},"6":{"start":{"line":17,"column":8},"end":{"line":21,"column":9}},"7":{"start":{"line":18,"column":12},"end":{"line":18,"column":54}},"8":{"start":{"line":20,"column":12},"end":{"line":20,"column":48}}},"fnMap":{"0":{"name":"(anonymous_0)","decl":{"start":{"line":4,"column":15},"end":{"line":4,"column":16}},"loc":{"start":{"line":4,"column":67},"end":{"line":23,"column":1}},"line":4},"1":{"name":"(anonymous_1)","decl":{"start":{"line":6,"column":27},"end":{"line":6,"column":28}},"loc":{"start":{"line":6,"column":40},"end":{"line":16,"column":5}},"line":6},"2":{"name":"(anonymous_2)","decl":{"start":{"line":16,"column":12},"end":{"line":16,"column":13}},"loc":{"start":{"line":16,"column":22},"end":{"line":22,"column":5}},"line":16}},"branchMap":{"0":{"loc":{"start":{"line":10,"column":31},"end":{"line":10,"column":95}},"type":"cond-expr","locations":[{"start":{"line":10,"column":42},"end":{"line":10,"column":89}},{"start":{"line":10,"column":91},"end":{"line":10,"column":95}}],"line":10},"1":{"loc":{"start":{"line":11,"column":30},"end":{"line":11,"column":89}},"type":"cond-expr","locations":[{"start":{"line":11,"column":39},"end":{"line":11,"column":84}},{"start":{"line":11,"column":85},"end":{"line":11,"column":89}}],"line":11},"2":{"loc":{"start":{"line":15,"column":15},"end":{"line":15,"column":58}},"type":"binary-expr","locations":[{"start":{"line":15,"column":15},"end":{"line":15,"column":29}},{"start":{"line":15,"column":33},"end":{"line":15,"column":45}},{"start":{"line":15,"column":49},"end":{"line":15,"column":58}}],"line":15},"3":{"loc":{"start":{"line":17,"column":8},"end":{"line":21,"column":9}},"type":"if","locations":[{"start":{"line":17,"column":8},"end":{"line":21,"column":9}},{"start":{"line":17,"column":8},"end":{"line":21,"column":9}}],"line":17},"4":{"loc":{"start":{"line":18,"column":19},"end":{"line":18,"column":53}},"type":"cond-expr","locations":[{"start":{"line":18,"column":47},"end":{"line":18,"column":48}},{"start":{"line":18,"column":51},"end":{"line":18,"column":53}}],"line":18},"5":{"loc":{"start":{"line":20,"column":19},"end":{"line":20,"column":47}},"type":"cond-expr","locations":[{"start":{"line":20,"column":41},"end":{"line":20,"column":42}},{"start":{"line":20,"column":45},"end":{"line":20,"column":47}}],"line":20}},"s":{"0":4,"1":16,"2":16,"3":16,"4":16,"5":16,"6":12,"7":8,"8":4},"f":{"0":4,"1":16,"2":12},"b":{"0":[4,12],"1":[4,12],"2":[16,15,14],"3":[8,4],"4":[6,2],"5":[2,2]},"_coverageSchema":"332fd63041d2c1bcb487cc26dd0d5f7d97098a6c","hash":"ea6a0fcafd5cb790503b1d745c7d45e61f05fbb6"}
,"C:\\Users\\rafae\\Desktop\\Estudo\\expensify\\src\\tests\\setupTests.js": {"path":"C:\\Users\\rafae\\Desktop\\Estudo\\expensify\\src\\tests\\setupTests.js","statementMap":{"0":{"start":{"line":4,"column":0},"end":{"line":6,"column":3}}},"fnMap":{},"branchMap":{},"s":{"0":11},"f":{},"b":{},"_coverageSchema":"332fd63041d2c1bcb487cc26dd0d5f7d97098a6c","hash":"2d4b7398c388055bbf81f3ef307236081887f34a"}
,"C:\\Users\\rafae\\Desktop\\Estudo\\expensify\\src\\tests\\fixtures\\expenses.js": {"path":"C:\\Users\\rafae\\Desktop\\Estudo\\expensify\\src\\tests\\fixtures\\expenses.js","statementMap":{},"fnMap":{},"branchMap":{},"s":{},"f":{},"b":{},"_coverageSchema":"332fd63041d2c1bcb487cc26dd0d5f7d97098a6c","hash":"2dec7016afd0cedea603b371acb9af61487bd4a9"}
}
