TN:
SF:C:\Users\rafae\Desktop\Estudo\expensify\src\actions\expenses.js
FN:5,(anonymous_0)
FN:25,(anonymous_1)
FN:32,(anonymous_2)
FNF:3
FNH:3
FNDA:2,(anonymous_0)
FNDA:1,(anonymous_1)
FNDA:1,(anonymous_2)
DA:5,1
DA:12,2
DA:25,1
DA:32,1
LF:4
LH:4
BRDA:6,0,0,1
BRDA:7,1,0,1
BRDA:8,2,0,1
BRDA:9,3,0,1
BRDA:10,4,0,1
BRDA:32,5,0,0
BRF:6
BRH:5
end_of_record
TN:
SF:C:\Users\rafae\Desktop\Estudo\expensify\src\actions\filters.js
FN:2,(anonymous_0)
FN:12,(anonymous_1)
FN:18,(anonymous_2)
FN:23,(anonymous_3)
FN:29,(anonymous_4)
FNF:5
FNH:5
FNDA:2,(anonymous_0)
FNDA:1,(anonymous_1)
FNDA:1,(anonymous_2)
FNDA:1,(anonymous_3)
FNDA:1,(anonymous_4)
DA:2,3
DA:12,3
DA:18,3
DA:23,3
DA:29,3
LF:5
LH:5
BRDA:2,0,0,1
BRF:1
BRH:1
end_of_record
TN:
SF:C:\Users\rafae\Desktop\Estudo\expensify\src\components\ExpenseDashBoardPage.js
FN:4,(anonymous_0)
FNF:1
FNH:1
FNDA:1,(anonymous_0)
DA:4,2
DA:5,1
LF:2
LH:2
BRF:0
BRH:0
end_of_record
TN:
SF:C:\Users\rafae\Desktop\Estudo\expensify\src\components\ExpenseForm.js
FN:15,(anonymous_0)
FN:28,(anonymous_1)
FN:31,(anonymous_2)
FN:33,(anonymous_3)
FN:39,(anonymous_4)
FN:48,(anonymous_5)
FN:50,(anonymous_6)
FN:54,(anonymous_7)
FN:55,(anonymous_8)
FN:58,(anonymous_9)
FN:79,(anonymous_10)
FN:103,(anonymous_11)
FNF:12
FNH:7
FNDA:7,(anonymous_0)
FNDA:1,(anonymous_1)
FNDA:1,(anonymous_2)
FNDA:1,(anonymous_3)
FNDA:2,(anonymous_4)
FNDA:0,(anonymous_5)
FNDA:0,(anonymous_6)
FNDA:0,(anonymous_7)
FNDA:0,(anonymous_8)
FNDA:1,(anonymous_9)
FNDA:11,(anonymous_10)
FNDA:0,(anonymous_11)
DA:8,1
DA:16,7
DA:17,7
DA:29,1
DA:31,1
DA:34,1
DA:37,1
DA:40,2
DA:42,2
DA:43,1
DA:49,0
DA:50,0
DA:55,0
DA:59,1
DA:61,1
DA:63,1
DA:67,0
DA:68,0
DA:81,11
DA:103,0
LF:20
LH:14
BRDA:18,0,0,1
BRDA:18,0,1,6
BRDA:19,1,0,1
BRDA:19,1,1,6
BRDA:20,2,0,1
BRDA:20,2,1,6
BRDA:21,3,0,1
BRDA:21,3,1,6
BRDA:42,4,0,1
BRDA:42,4,1,1
BRDA:42,5,0,2
BRDA:42,5,1,2
BRDA:49,6,0,0
BRDA:49,6,1,0
BRDA:61,7,0,1
BRDA:61,7,1,0
BRDA:61,8,0,1
BRDA:61,8,1,0
BRDA:83,9,0,11
BRDA:83,9,1,1
BRF:20
BRH:16
end_of_record
TN:
SF:C:\Users\rafae\Desktop\Estudo\expensify\src\components\ExpenseList.js
FN:7,(anonymous_0)
FN:14,(anonymous_1)
FN:24,(anonymous_2)
FNF:3
FNH:2
FNDA:2,(anonymous_0)
FNDA:4,(anonymous_1)
FNDA:0,(anonymous_2)
DA:7,3
DA:9,2
DA:15,4
DA:24,3
DA:25,0
LF:5
LH:4
BRDA:11,0,0,1
BRDA:11,0,1,1
BRF:2
BRH:2
end_of_record
TN:
SF:C:\Users\rafae\Desktop\Estudo\expensify\src\components\ExpenseListFilters.js
FN:13,(anonymous_0)
FN:18,(anonymous_1)
FN:19,(anonymous_2)
FN:21,(anonymous_3)
FN:24,(anonymous_4)
FN:28,(anonymous_5)
FN:42,(anonymous_6)
FN:50,(anonymous_7)
FNF:8
FNH:0
FNDA:0,(anonymous_0)
FNDA:0,(anonymous_1)
FNDA:0,(anonymous_2)
FNDA:0,(anonymous_3)
FNDA:0,(anonymous_4)
FNDA:0,(anonymous_5)
FNDA:0,(anonymous_6)
FNDA:0,(anonymous_7)
DA:14,0
DA:15,0
DA:19,0
DA:22,0
DA:25,0
DA:29,0
DA:42,0
DA:50,2
DA:51,0
LF:9
LH:1
BRDA:29,0,0,0
BRDA:29,0,1,0
BRF:2
BRH:0
end_of_record
TN:
SF:C:\Users\rafae\Desktop\Estudo\expensify\src\components\ExpenseListItem.js
FN:5,(anonymous_0)
FNF:1
FNH:1
FNDA:1,(anonymous_0)
DA:5,4
DA:6,1
LF:2
LH:2
BRF:0
BRH:0
end_of_record
TN:
SF:C:\Users\rafae\Desktop\Estudo\expensify\src\components\Header.js
FN:10,(anonymous_0)
FNF:1
FNH:1
FNDA:1,(anonymous_0)
DA:10,1
DA:11,1
LF:2
LH:2
BRF:0
BRH:0
end_of_record
TN:
SF:C:\Users\rafae\Desktop\Estudo\expensify\src\components\NotFoundPage.js
FN:6,(anonymous_0)
FNF:1
FNH:1
FNDA:1,(anonymous_0)
DA:6,1
DA:7,1
LF:2
LH:2
BRF:0
BRH:0
end_of_record
TN:
SF:C:\Users\rafae\Desktop\Estudo\expensify\src\reducers\expenses.js
FN:5,(anonymous_0)
FN:13,(anonymous_1)
FN:16,(anonymous_2)
FNF:3
FNH:3
FNDA:6,(anonymous_0)
FNDA:8,(anonymous_1)
FNDA:8,(anonymous_2)
DA:3,1
DA:6,6
DA:8,1
DA:13,8
DA:16,2
DA:17,8
DA:18,1
DA:23,7
DA:27,1
LF:9
LH:9
BRDA:5,0,0,1
BRDA:6,1,0,1
BRDA:6,1,1,2
BRDA:6,1,2,2
BRDA:6,1,3,1
BRDA:17,2,0,1
BRDA:17,2,1,7
BRF:7
BRH:7
end_of_record
TN:
SF:C:\Users\rafae\Desktop\Estudo\expensify\src\reducers\filters.js
FN:10,(anonymous_0)
FNF:1
FNH:1
FNDA:6,(anonymous_0)
DA:3,1
DA:11,6
DA:13,1
DA:20,1
DA:26,1
DA:32,1
DA:38,1
DA:43,1
LF:8
LH:8
BRDA:10,0,0,5
BRDA:11,1,0,1
BRDA:11,1,1,1
BRDA:11,1,2,1
BRDA:11,1,3,1
BRDA:11,1,4,1
BRDA:11,1,5,1
BRF:7
BRH:7
end_of_record
TN:
SF:C:\Users\rafae\Desktop\Estudo\expensify\src\selectors\expenses.js
FN:4,(anonymous_0)
FN:6,(anonymous_1)
FN:16,(anonymous_2)
FNF:3
FNH:3
FNDA:4,(anonymous_0)
FNDA:16,(anonymous_1)
FNDA:12,(anonymous_2)
DA:6,4
DA:7,16
DA:10,16
DA:11,16
DA:12,16
DA:15,16
DA:17,12
DA:18,8
DA:20,4
LF:9
LH:9
BRDA:10,0,0,4
BRDA:10,0,1,12
BRDA:11,1,0,4
BRDA:11,1,1,12
BRDA:15,2,0,16
BRDA:15,2,1,15
BRDA:15,2,2,14
BRDA:17,3,0,8
BRDA:17,3,1,4
BRDA:18,4,0,6
BRDA:18,4,1,2
BRDA:20,5,0,2
BRDA:20,5,1,2
BRF:13
BRH:13
end_of_record
TN:
SF:C:\Users\rafae\Desktop\Estudo\expensify\src\tests\setupTests.js
FNF:0
FNH:0
DA:4,11
LF:1
LH:1
BRF:0
BRH:0
end_of_record
TN:
SF:C:\Users\rafae\Desktop\Estudo\expensify\src\tests\fixtures\expenses.js
FNF:0
FNH:0
LF:0
LH:0
BRF:0
BRH:0
end_of_record
